c:\users\user\source\repos\programstorage\programstorage\debug\programstorage.pch
c:\users\user\source\repos\programstorage\programstorage\debug\vc141.pdb
c:\users\user\source\repos\programstorage\programstorage\debug\vc141.idb
c:\users\user\source\repos\programstorage\programstorage\debug\stdafx.obj
c:\users\user\source\repos\programstorage\programstorage\debug\storages.obj
c:\users\user\source\repos\programstorage\programstorage\debug\programstorage.obj
c:\users\user\source\repos\programstorage\debug\programstorage.pdb
c:\users\user\source\repos\programstorage\programstorage\debug\programstorage.tlog\cl.command.1.tlog
c:\users\user\source\repos\programstorage\programstorage\debug\programstorage.tlog\cl.read.1.tlog
c:\users\user\source\repos\programstorage\programstorage\debug\programstorage.tlog\cl.write.1.tlog
c:\users\user\source\repos\programstorage\programstorage\debug\programstorage.tlog\link-cvtres.read.1.tlog
c:\users\user\source\repos\programstorage\programstorage\debug\programstorage.tlog\link-cvtres.write.1.tlog
c:\users\user\source\repos\programstorage\programstorage\debug\programstorage.tlog\link-rc.read.1.tlog
c:\users\user\source\repos\programstorage\programstorage\debug\programstorage.tlog\link-rc.write.1.tlog
c:\users\user\source\repos\programstorage\programstorage\debug\programstorage.tlog\link.13168-cvtres.read.1.tlog
c:\users\user\source\repos\programstorage\programstorage\debug\programstorage.tlog\link.13168-cvtres.write.1.tlog
c:\users\user\source\repos\programstorage\programstorage\debug\programstorage.tlog\link.13168-rc.read.1.tlog
c:\users\user\source\repos\programstorage\programstorage\debug\programstorage.tlog\link.13168-rc.write.1.tlog
c:\users\user\source\repos\programstorage\programstorage\debug\programstorage.tlog\link.13168.read.1.tlog
c:\users\user\source\repos\programstorage\programstorage\debug\programstorage.tlog\link.13168.write.1.tlog
c:\users\user\source\repos\programstorage\programstorage\debug\programstorage.tlog\link.command.1.tlog
c:\users\user\source\repos\programstorage\programstorage\debug\programstorage.tlog\link.read.1.tlog
c:\users\user\source\repos\programstorage\programstorage\debug\programstorage.tlog\link.write.1.tlog
